\BOOKMARK [1][-]{section.1}{Introdu\347\343o}{}% 1
\BOOKMARK [2][-]{subsection.1.1}{Contextualiza\347\343o}{section.1}% 2
\BOOKMARK [2][-]{subsection.1.2}{Objetivos}{section.1}% 3
\BOOKMARK [2][-]{subsection.1.3}{Organiza\347\343o do trabalho}{section.1}% 4
\BOOKMARK [2][-]{subsection.1.4}{Proposta de trabalho}{section.1}% 5
\BOOKMARK [1][-]{section.2}{Curr\355culos de gradua\347\343o}{}% 6
\BOOKMARK [2][-]{subsection.2.1}{Defini\347\365es}{section.2}% 7
\BOOKMARK [2][-]{subsection.2.2}{Estruturas de dados}{section.2}% 8
\BOOKMARK [2][-]{subsection.2.3}{Modelagem}{section.2}% 9
\BOOKMARK [1][-]{section.3}{Processos de neg\363cio}{}% 10
\BOOKMARK [2][-]{subsection.3.1}{Defini\347\343o}{section.3}% 11
\BOOKMARK [2][-]{subsection.3.2}{Formaliza\347\343o}{section.3}% 12
\BOOKMARK [2][-]{subsection.3.3}{Modelagem}{section.3}% 13
\BOOKMARK [3][-]{subsubsection.3.3.1}{Petri Net}{subsection.3.3}% 14
\BOOKMARK [3][-]{subsubsection.3.3.2}{BPMN}{subsection.3.3}% 15
\BOOKMARK [1][-]{section.4}{Process Mining}{}% 16
\BOOKMARK [2][-]{subsection.4.1}{Hist\363rico}{section.4}% 17
\BOOKMARK [2][-]{subsection.4.2}{Formaliza\347\343o}{section.4}% 18
\BOOKMARK [3][-]{subsubsection.4.2.1}{Process Discovery}{subsection.4.2}% 19
\BOOKMARK [3][-]{subsubsection.4.2.2}{Process Conformance}{subsection.4.2}% 20
\BOOKMARK [3][-]{subsubsection.4.2.3}{Process Enhancement}{subsection.4.2}% 21
\BOOKMARK [2][-]{subsection.4.3}{Ferramentas}{section.4}% 22
\BOOKMARK [3][-]{subsubsection.4.3.1}{ProM}{subsection.4.3}% 23
\BOOKMARK [3][-]{subsubsection.4.3.2}{Disco}{subsection.4.3}% 24
\BOOKMARK [1][-]{section.5}{Curr\355culo como processo de neg\363cio}{}% 25
\BOOKMARK [2][-]{subsection.5.1}{Proposta}{section.5}% 26
\BOOKMARK [2][-]{subsection.5.2}{Formaliza\347\343o}{section.5}% 27
\BOOKMARK [1][-]{section.6}{Aplica\347\343o de Process Mining}{}% 28
\BOOKMARK [2][-]{subsection.6.1}{Process Discovery}{section.6}% 29
\BOOKMARK [3][-]{subsubsection.6.1.1}{Hip\363teses}{subsection.6.1}% 30
\BOOKMARK [3][-]{subsubsection.6.1.2}{An\341lise}{subsection.6.1}% 31
\BOOKMARK [3][-]{subsubsection.6.1.3}{Resultados}{subsection.6.1}% 32
\BOOKMARK [2][-]{subsection.6.2}{Process Conformance}{section.6}% 33
\BOOKMARK [3][-]{subsubsection.6.2.1}{Hip\363teses}{subsection.6.2}% 34
\BOOKMARK [3][-]{subsubsection.6.2.2}{An\341lise}{subsection.6.2}% 35
\BOOKMARK [3][-]{subsubsection.6.2.3}{Resultados}{subsection.6.2}% 36
\BOOKMARK [2][-]{subsection.6.3}{Process Enhancement}{section.6}% 37
\BOOKMARK [3][-]{subsubsection.6.3.1}{Hip\363teses}{subsection.6.3}% 38
\BOOKMARK [3][-]{subsubsection.6.3.2}{An\341lise}{subsection.6.3}% 39
\BOOKMARK [3][-]{subsubsection.6.3.3}{Resultados}{subsection.6.3}% 40
\BOOKMARK [1][-]{section.7}{Conclus\343o e trabalhos futuros}{}% 41
